# JRE version: OpenJDK Runtime Environment (20.0.2+9) (build 20.0.2+9-78)
# Java VM: OpenJDK 64-Bit Server VM (20.0.2+9-78, mixed mode, sharing, tiered, compressed oops, compressed class ptrs, g1 gc, windows-amd64)
GC Precious Log:
 CardTable entry size: 512
 Card Set container configuration: InlinePtr #cards 5 size 8 Array Of Cards #cards 12 size 40 Howl #buckets 4 coarsen threshold 1843 Howl Bitmap #cards 512 size 80 coarsen threshold 460 Card regions per heap region 1 cards per card region 2048
 CPUs: 8 total, 8 available
 Memory: 7883M
 Large Page Support: Disabled
 NUMA Support: Disabled
 Compressed Oops: Enabled (32-bit)
 Heap Region Size: 1M
 Heap Min Capacity: 8M
 Heap Initial Capacity: 124M
 Heap Max Capacity: 1972M
 Pre-touch: Disabled
 Parallel Workers: 8
 Concurrent Workers: 2
 Concurrent Refinement Workers: 8
 Periodic GC: Disabled
Heap:
 garbage-first heap   total 126976K, used 5852K [0x0000000084c00000, 0x0000000100000000)
  region size 1024K, 7 young (7168K), 3 survivors (3072K)
 Metaspace       used 4830K, committed 5056K, reserved 1114112K
  class space    used 293K, committed 384K, reserved 1048576K
GC Heap History (8 events):
Event: 30.020 GC heap before
{Heap before GC invocations=0 (full 0):
 garbage-first heap   total 126976K, used 23552K [0x0000000084c00000, 0x0000000100000000)
  region size 1024K, 23 young (23552K), 0 survivors (0K)
 Metaspace       used 4820K, committed 5056K, reserved 1114112K
  class space    used 292K, committed 384K, reserved 1048576K
}
Event: 30.024 GC heap after
{Heap after GC invocations=1 (full 0):
 garbage-first heap   total 126976K, used 2944K [0x0000000084c00000, 0x0000000100000000)
  region size 1024K, 3 young (3072K), 3 survivors (3072K)
 Metaspace       used 4820K, committed 5056K, reserved 1114112K
  class space    used 292K, committed 384K, reserved 1048576K
}
Event: 55.227 GC heap before
{Heap before GC invocations=1 (full 0):
 garbage-first heap   total 126976K, used 36736K [0x0000000084c00000, 0x0000000100000000)
  region size 1024K, 36 young (36864K), 3 survivors (3072K)
 Metaspace       used 4827K, committed 5056K, reserved 1114112K
  class space    used 292K, committed 384K, reserved 1048576K
}
Event: 55.231 GC heap after
{Heap after GC invocations=2 (full 0):
 garbage-first heap   total 126976K, used 2539K [0x0000000084c00000, 0x0000000100000000)
  region size 1024K, 3 young (3072K), 3 survivors (3072K)
 Metaspace       used 4827K, committed 5056K, reserved 1114112K
  class space    used 292K, committed 384K, reserved 1048576K
}
Event: 116.656 GC heap before
{Heap before GC invocations=2 (full 0):
 garbage-first heap   total 126976K, used 75243K [0x0000000084c00000, 0x0000000100000000)
  region size 1024K, 74 young (75776K), 3 survivors (3072K)
 Metaspace       used 4827K, committed 5056K, reserved 1114112K
  class space    used 292K, committed 384K, reserved 1048576K
}
Event: 116.660 GC heap after
{Heap after GC invocations=3 (full 0):
 garbage-first heap   total 126976K, used 2781K [0x0000000084c00000, 0x0000000100000000)
  region size 1024K, 3 young (3072K), 3 survivors (3072K)
 Metaspace       used 4827K, committed 5056K, reserved 1114112K
  class space    used 292K, committed 384K, reserved 1048576K
}
Event: 178.134 GC heap before
{Heap before GC invocations=3 (full 0):
 garbage-first heap   total 126976K, used 75485K [0x0000000084c00000, 0x0000000100000000)
  region size 1024K, 74 young (75776K), 3 survivors (3072K)
 Metaspace       used 4827K, committed 5056K, reserved 1114112K
  class space    used 292K, committed 384K, reserved 1048576K
}
Event: 178.137 GC heap after
{Heap after GC invocations=4 (full 0):
 garbage-first heap   total 126976K, used 2780K [0x0000000084c00000, 0x0000000100000000)
  region size 1024K, 3 young (3072K), 3 survivors (3072K)
 Metaspace       used 4827K, committed 5056K, reserved 1114112K
  class space    used 292K, committed 384K, reserved 1048576K
}

